<?xml version="1.0" encoding="UTF-8"?>
<!-- Generated by org.testng.reporters.JUnitReportReporter -->
<testsuite hostname="ESTPCSW172" name="uk.co.automatictester.jwebfwk.runners.DownloadFeatureRunner_Copy" tests="1" failures="0" timestamp="15 Aug 2016 05:21:40 GMT" time="2.038" errors="0">
  <testcase name="run_cukes" time="2.038" classname="uk.co.automatictester.jwebfwk.runners.DownloadFeatureRunner_Copy"/>
</testsuite> <!-- uk.co.automatictester.jwebfwk.runners.DownloadFeatureRunner_Copy -->
